<?xml version="1.0" encoding="UTF-8"?>
<!-- Generated by org.testng.reporters.JUnitXMLReporter -->
<testsuite hostname="DESKTOP-GJRLVV7" failures="1" tests="6" name="Default test" time="6.919" errors="0" timestamp="7 Feb 2021 15:18:55 GMT">
  <testcase classname="com.weathersg.haf.action.TestScriptTask2" name="HomeNav" time="4.148"/>
  <testcase classname="com.weathersg.haf.action.TestScriptTask2" name="FourDayOutlookAPIResponseCheck" time="1.992"/>
  <testcase classname="com.weathersg.haf.action.TestScriptTask2" name="NavigationTo4DayOutlookScreenCheck" time="0.065"/>
  <testcase classname="com.weathersg.haf.action.TestScriptTask2" name="DayAfterTomorrowHighTempExtractionUI" time="0.027"/>
  <testcase classname="com.weathersg.haf.action.TestScriptTask2" name="DayAfterTomorrowLowTempExtractionUI" time="0.024"/>
  <testcase classname="com.weathersg.haf.action.TestScriptTask2" name="APIvsUIOvermorrowTemperaturesComparison" time="0.001">
    <failure type="java.lang.AssertionError" message="There is deviation in API Response and UI temperatures: API High &amp;amp; Low temp respectively 34 24  UI High &amp;amp; Low temp respectively 34°C 24°C">
      <![CDATA[java.lang.AssertionError: There is deviation in API Response and UI temperatures: API High & Low temp respectively 34 24  UI High & Low temp respectively 34°C 24°C
	at org.junit.Assert.fail(Assert.java:93)
	at com.weathersg.haf.action.TestScriptTask2.APIvsUIOvermorrowTemperaturesComparison(TestScriptTask2.java:109)
	at java.base/jdk.internal.reflect.NativeMethodAccessorImpl.invoke0(Native Method)
	at java.base/jdk.internal.reflect.NativeMethodAccessorImpl.invoke(NativeMethodAccessorImpl.java:64)
	at java.base/jdk.internal.reflect.DelegatingMethodAccessorImpl.invoke(DelegatingMethodAccessorImpl.java:43)
	at java.base/java.lang.reflect.Method.invoke(Method.java:564)
	at org.testng.internal.MethodInvocationHelper.invokeMethod(MethodInvocationHelper.java:80)
	at org.testng.internal.Invoker.invokeMethod(Invoker.java:714)
	at org.testng.internal.Invoker.invokeTestMethod(Invoker.java:901)
	at org.testng.internal.Invoker.invokeTestMethods(Invoker.java:1231)
	at org.testng.internal.TestMethodWorker.invokeTestMethods(TestMethodWorker.java:127)
	at org.testng.internal.TestMethodWorker.run(TestMethodWorker.java:111)
	at org.testng.TestRunner.privateRun(TestRunner.java:767)
	at org.testng.TestRunner.run(TestRunner.java:617)
	at org.testng.SuiteRunner.runTest(SuiteRunner.java:334)
	at org.testng.SuiteRunner.runSequentially(SuiteRunner.java:329)
	at org.testng.SuiteRunner.privateRun(SuiteRunner.java:291)
	at org.testng.SuiteRunner.run(SuiteRunner.java:240)
	at org.testng.SuiteRunnerWorker.runSuite(SuiteRunnerWorker.java:52)
	at org.testng.SuiteRunnerWorker.run(SuiteRunnerWorker.java:86)
	at org.testng.TestNG.runSuitesSequentially(TestNG.java:1198)
	at org.testng.TestNG.runSuitesLocally(TestNG.java:1123)
	at org.testng.TestNG.run(TestNG.java:1031)
	at org.testng.remote.AbstractRemoteTestNG.run(AbstractRemoteTestNG.java:115)
	at org.testng.remote.RemoteTestNG.initAndRun(RemoteTestNG.java:251)
	at org.testng.remote.RemoteTestNG.main(RemoteTestNG.java:77)
]]>
    </failure>
  </testcase> <!-- APIvsUIOvermorrowTemperaturesComparison -->
</testsuite> <!-- Default test -->
