<?xml version="1.0" encoding="UTF-8"?>
<!-- Generated by org.testng.reporters.JUnitXMLReporter -->
<testsuite hostname="DESKTOP-GJRLVV7" failures="0" tests="6" name="Weather SG 4 Day Outlook" time="7.727" errors="0" timestamp="7 Feb 2021 15:22:05 GMT">
  <testcase classname="com.weathersg.haf.action.TestScriptTask2" name="HomeNav" time="5.07"/>
  <testcase classname="com.weathersg.haf.action.TestScriptTask2" name="FourDayOutlookAPIResponseCheck" time="1.895"/>
  <testcase classname="com.weathersg.haf.action.TestScriptTask2" name="NavigationTo4DayOutlookScreenCheck" time="0.056"/>
  <testcase classname="com.weathersg.haf.action.TestScriptTask2" name="DayAfterTomorrowHighTempExtractionUI" time="0.024"/>
  <testcase classname="com.weathersg.haf.action.TestScriptTask2" name="DayAfterTomorrowLowTempExtractionUI" time="0.024"/>
  <testcase classname="com.weathersg.haf.action.TestScriptTask2" name="APIvsUIOvermorrowTemperaturesComparison" time="0.001"/>
</testsuite> <!-- Weather SG 4 Day Outlook -->
